0 0 0
1 0 1
2 0 2
3 0 3
4 0 4
5 0 5
6 0 6
7 0 7
8 0 8
9 0 9
10 0 10
11 0 11
12 0 12
13 0 13
14 0 14
15 0 15
0 5 16
1 5 17
2 5 18
3 5 19
4 5 20
5 5 21
6 6 22
7 5 23
8 5 24
9 5 25
10 5 26
11 5 27
12 5 28
13 5 29
14 5 30
15 5 31
0 11 32
1 10 33
2 10 34
3 10 35
4 10 36
5 10 37
6 11 38
7 10 39
8 10 40
9 10 41
10 10 42
11 10 43
12 10 44
13 10 0
14 10 1
15 10 2
0 16 3
1 15 4
2 15 5
3 15 6
4 14 7
5 15 8
6 15 9
7 14 10
8 15 11
9 15 12
10 14 13
11 14 14
12 15 15
13 15 16
14 14 17
15 15 18
0 20 19
1 19 20
2 19 21
3 19 22
4 18 23
5 20 24
6 20 25
7 19 26
8 20 27
9 20 28
10 19 29
11 19 30
12 20 31
13 19 32
14 18 33
15 19 34
0 24 35
1 23 36
2 23 37
3 23 38
4 22 39
5 25 40
6 25 41
7 24 42
8 25 43
9 25 44
10 24 0
11 24 1
12 24 2
13 23 3
14 22 4
15 23 5
0 28 6
1 28 7
2 27 8
3 27 9
4 26 10
5 29 11
6 29 12
7 29 13
8 30 14
9 30 15
10 29 16
11 29 17
12 29 18
13 28 19
14 28 20
15 28 21
0 33 22
1 32 23
2 31 24
3 31 25
4 30 26
5 33 27
6 34 28
7 33 29
8 34 30
9 34 31
10 32 32
11 33 33
12 34 34
13 31 35
14 31 36
15 32 37
0 38 38
1 35 39
2 34 40
3 36 41
4 35 42
5 36 43
6 38 44
7 37 0
8 37 1
9 37 2
10 37 3
11 38 4
12 39 5
13 35 6
14 34 7
15 36 8
0 43 9
1 40 10
2 37 11
3 39 12
4 38 13
5 39 14
6 42 15
7 41 16
8 41 17
9 40 18
10 41 19
11 41 20
12 42 21
13 38 22
14 37 23
15 40 24
0 48 25
1 44 26
2 41 27
3 43 28
4 42 29
5 43 30
6 46 31
7 46 32
8 46 33
9 45 34
10 46 35
11 46 36
12 47 37
13 43 38
14 40 39
15 43 40
0 52 41
1 47 42
2 44 43
3 46 44
4 45 0
5 47 1
6 50 2
7 50 3
8 50 4
9 49 5
10 49 6
11 49 7
12 50 8
13 46 9
14 43 10
15 46 11
0 57 12
1 52 13
2 49 14
3 51 15
4 50 16
5 52 17
6 55 18
7 55 19
8 54 20
9 52 21
10 53 22
11 52 23
12 54 24
13 50 25
14 46 26
15 50 27
0 61 28
1 55 29
2 52 30
3 55 31
4 54 32
5 55 33
6 58 34
7 58 35
8 58 36
9 55 37
10 56 38
11 55 39
12 57 40
13 54 41
14 51 42
15 55 43
0 66 44
1 58 0
2 55 1
3 58 2
4 59 3
5 60 4
6 61 5
7 61 6
8 63 7
9 60 8
10 59 9
11 58 10
12 60 11
13 59 12
14 56 13
15 60 14
0 69 15
1 62 16
2 58 17
3 63 18
4 62 19
5 63 20
6 65 21
7 65 22
8 67 23
9 64 24
10 63 25
11 62 26
12 63 27
13 62 28
14 59 29
15 63 30
0 72 31
1 64 32
2 60 33
3 65 34
4 64 35
5 68 36
6 69 37
7 70 38
8 69 39
9 68 40
10 67 41
11 64 42
12 65 43
13 67 44
14 64 0
15 65 1
0 76 2
1 69 3
2 64 4
3 69 5
4 66 6
5 70 7
6 72 8
7 73 9
8 72 10
9 71 11
10 70 12
11 68 13
12 68 14
13 69 15
14 67 16
15 68 17
0 78 18
1 73 19
2 67 20
3 71 21
4 68 22
5 74 23
6 76 24
7 76 25
8 75 26
9 75 27
10 73 28
11 71 29
12 72 30
13 73 31
14 69 32
15 71 33
0 80 34
1 76 35
2 70 36
3 76 37
4 73 38
5 79 39
6 81 40
7 81 41
8 77 42
9 77 43
10 75 44
11 73 0
12 74 1
13 75 2
14 71 3
15 73 4
0 83 5
1 79 6
2 74 7
3 79 8
4 76 9
5 82 10
6 84 11
7 84 12
8 80 13
9 80 14
10 79 15
11 77 16
12 78 17
13 79 18
14 75 19
15 75 20
0 87 21
1 83 22
2 76 23
3 81 24
4 78 25
5 84 26
6 86 27
7 86 28
8 84 29
9 84 30
10 83 31
11 79 32
12 80 33
13 81 34
14 80 35
15 80 36
0 89 37
1 88 38
2 78 39
3 83 40
4 80 41
5 86 42
6 88 43
7 91 44
8 89 0
9 90 1
10 85 2
11 82 3
12 82 4
13 83 5
14 83 6
15 82 7
0 94 8
1 93 9
2 80 10
3 86 11
4 83 12
5 88 13
6 90 14
7 93 15
8 94 16
9 95 17
10 88 18
11 85 19
12 87 20
13 85 21
14 87 22
15 84 23
1 95 24
2 84 25
2 87 26
2 90 27
2 93 28
2 96 29
3 90 30
3 93 31
3 96 32
4 85 33
0 98 34
1 98 35
4 88 36
4 90 37
4 92 38
4 94 39
4 96 40
4 98 41
5 93 42
6 92 43
7 95 44
10 90 0
11 89 1
11 94 2
10 96 3
6 97 4
12 90 5
5 98 6
12 94 7
12 96 8
13 89 9
13 93 10
13 97 11
14 89 12
14 93 13
14 95 14
15 87 15
15 91 16
15 93 17
15 95 18
x
x
x
x
x
x
x
x
x
x
x
x
x
x
x
x
x
x
2 99 37
x
x
3 99 40
8 99 41
x
x
9 99 44
x
x
11 99 2
x
13 99 4
14 99 5
x
x
x
x
x
15 99 11
x
x
x
x
x
x
x
x
x
x
x
x
x
x
x
x
x
x
x
x
x
x
x
x
x
x
x
x
x
x
x
x
x
x
x
x
x
x
x
x
x
x
x
x
x
x
x
x
x
x
x
x
x
x
x
x
x
x
x
x
x
x
x
x
x
x
x
x
x
x
x
x
x
x
x
x
x
x
x
x
x
x
x
x
x
x
x
x
x
x
x
x
x
x
x
x
x
x
x
x
x
x
x
x
x
x
x
x
x
x
x
x
x
x
x
x
x
x
x
x
x
x
x
x
x
x
x
x
x
x
x
x
x
x
x
x
x
x
x
x
x
x
x
x
x
x
x
x
x
x
x
x
x
x
x
x
x
x
x
x
x
x
x
x