0 0 0
0 5 1
0 11 2
0 16 3
0 21 4
0 26 5
0 31 6
0 52 7
0 57 8
0 62 9
0 67 10
0 74 11
0 79 12
0 84 13
0 89 14
0 94 15
1 0 16
1 5 17
1 10 18
1 15 19
1 20 20
1 28 21
1 33 22
1 40 23
1 49 24
1 55 25
1 62 26
1 67 27
1 72 28
1 77 29
1 82 30
1 87 31
1 92 32
2 0 33
2 5 34
2 10 35
0 36 36
2 15 37
0 43 38
2 20 39
2 24 40
2 29 41
2 34 42
2 38 43
2 42 44
2 49 0
2 54 1
2 62 2
2 67 3
2 74 4
2 78 5
2 82 6
2 86 7
2 90 8
2 95 9
3 0 10
3 5 11
3 10 12
3 19 13
3 24 14
3 29 15
3 38 16
3 42 17
3 53 18
3 58 19
3 67 20
3 73 21
3 77 22
3 81 23
3 85 24
3 95 25
4 0 26
4 5 27
4 10 28
4 15 29
4 29 30
3 90 31
4 34 32
4 45 33
4 49 34
4 53 35
4 57 36
4 64 37
4 68 38
4 72 39
4 76 40
4 80 41
4 84 42
4 89 43
4 94 44
5 5 0
5 10 1
5 15 2
5 20 3
5 25 4
5 30 5
5 39 6
5 45 7
5 49 8
5 53 9
5 57 10
5 61 11
5 65 12
5 69 13
5 73 14
5 77 15
0 48 16
5 84 17
5 93 18
1 45 19
1 97 20
5 88 21
6 0 22
2 58 23
3 15 24
6 8 25
6 12 26
3 46 27
6 17 28
6 21 29
4 20 30
4 24 31
6 25 32
6 34 33
6 39 34
6 44 35
4 41 36
6 48 37
6 52 38
6 56 39
5 0 40
5 35 41
6 30 42
6 60 43
6 63 44
6 67 0
6 71 1
6 76 2
6 79 3
6 83 4
6 86 5
6 89 6
6 92 7
6 95 8
7 0 9
7 4 10
7 8 11
7 12 12
7 16 13
7 20 14
7 24 15
7 28 16
7 35 17
7 40 18
7 45 19
7 50 20
7 55 21
7 60 22
7 65 23
7 68 24
7 71 25
7 74 26
7 77 27
7 80 28
7 83 29
7 86 30
7 90 31
7 94 32
8 0 33
8 4 34
8 9 35
8 12 36
8 15 37
8 18 38
8 21 39
8 24 40
8 27 41
8 32 42
8 37 43
8 42 44
8 47 0
8 52 1
8 58 2
8 63 3
8 72 4
8 68 5
8 76 6
8 80 7
8 84 8
8 92 9
8 88 10
9 0 11
9 4 12
9 8 13
9 11 14
9 14 15
9 18 16
9 24 17
9 27 18
9 30 19
9 33 20
9 37 21
9 43 22
9 46 23
9 49 24
9 52 25
9 56 26
9 66 27
9 75 28
9 61 29
9 71 30
9 80 31
9 83 32
9 90 33
9 95 34
10 0 35
10 3 36
10 8 37
10 13 38
10 18 39
10 24 40
10 27 41
10 40 42
10 49 43
10 32 44
10 45 0
10 54 1
10 57 2
10 62 3
10 65 4
10 68 5
10 72 6
10 76 7
10 83 8
10 87 9
10 91 10
10 96 11
11 0 12
11 3 13
11 6 14
11 9 15
9 40 16
9 98 17
10 21 18
3 50 19
11 12 20
11 18 21
11 22 22
10 37 23
11 28 24
11 32 25
10 80 26
11 36 27
11 38 28
11 43 29
1 25 30
11 48 31
11 52 32
11 57 33
11 61 34
11 68 35
2 71 36
11 70 37
11 73 38
11 79 39
11 82 40
11 85 41
11 88 42
11 91 43
3 62 44
11 94 0
11 97 1
7 98 2
12 0 3
12 4 4
8 96 5
11 76 6
12 7 7
12 11 8
12 14 9
12 17 10
12 20 11
12 24 12
12 27 13
12 30 14
12 34 15
4 38 16
12 38 17
12 42 18
12 44 19
12 47 20
12 50 21
12 55 22
12 60 23
12 65 24
12 70 25
12 75 26
12 77 27
12 79 28
12 81 29
12 83 30
12 85 31
12 87 32
12 92 33
12 96 34
13 0 35
13 3 36
13 6 37
13 9 38
13 12 39
13 15 40
13 18 41
13 21 42
13 24 43
13 28 44
13 32 0
13 36 1
13 40 2
13 44 3
5 81 4
13 49 5
13 56 6
13 53 7
13 60 8
13 62 9
13 64 10
13 66 11
13 68 12
13 70 13
13 74 14
13 79 15
13 83 16
13 85 17
13 87 18
13 89 19
13 94 20
5 98 21
14 3 22
4 61 23
14 0 24
14 8 25
14 10 26
14 12 27
14 14 28
14 19 29
14 28 30
14 24 31
14 33 32
14 36 33
14 38 34
14 40 35
14 43 36
14 45 37
14 50 38
14 55 39
14 57 40
14 60 41
14 64 42
14 66 43
14 68 44
14 70 0
14 75 1
14 80 2
14 83 3
14 86 4
14 91 5
14 93 6
15 0 7
15 2 8
15 6 9
15 9 10
15 13 11
15 17 12
15 19 13
15 23 14
15 25 15
15 27 16
15 32 17
15 36 18
15 38 19
15 42 20
15 44 21
15 48 22
15 50 23
15 53 24
15 57 25
15 60 26
15 63 27
15 66 28
15 69 29
15 72 30
15 75 31
15 78 32
15 84 33
15 81 34
15 87 35
15 89 36
15 91 37
15 93 38
15 95 39
15 97 40
x
x
x
x
x
x
x
x
x
x
x
x
x
x
x
x
x
x
x
x
x
x
x
x
x
x
x
x
x
x
x
x
x
x
x
x
x
x
x
x
x
6 6 37
x
x
6 99 40
7 33 41
x
x
8 99 44
x
x
2 47 2
x
3 34 4
3 36 5
x
x
x
x
x
3 65 11
3 71 12
4 99 13
9 22 14
9 64 15
0 41 16
9 88 17
10 16 18
x
x
x
x
x
1 38 24
10 35 25
10 99 26
x
x
11 65 29
12 90 30
x
12 94 32
x
12 99 34
x
0 72 36
13 99 37
x
14 26 39
x
x
14 97 42
14 99 43
x
x
15 99 1
x
x
x
x
x
x
x
x
x
x
x
x
x
x
x
x
x
x
x
x
x
x
1 60 24
x
x
x
x
x
x
x
x
x
x
x
0 99 36
x
x
x
x
x
x
x
x
x
x
x
x
x
x
x
x
x
x
x
x
x
x
x
x
x
x
x
x
x
x
x
x
x
x
x
x
x
x
x
x
x
x
x
x
x
x
x
x
x
x
x
x
x
x
x
x
x
x
x
x
x
x
x
x
x
x
x
x
x
x
x
x
x
x
x
x
x
x
x
x
x
x
x
x
x
x
x
x
x
x
x
x
x
x